number,value,datetime_start,datetime_complete,duration,params_batch_size,params_dropout,params_learning_rate,params_warmup_ratio,params_weight_decay,state
0,0.9188851426116615,2026-07-15 07:41:06.091143,2026-07-15 07:41:44.818434,0 days 00:00:38.727291,16,0.4110562168539088,4.4249529069837e-05,0.06354671769325475,0.15884369676788956,COMPLETE
1,0.9112509059957674,2026-07-15 07:41:44.819718,2026-07-15 07:42:09.269895,0 days 00:00:24.450177,64,0.22079925323129232,4.183566958897064e-05,0.06747632156030606,0.05346666334047649,COMPLETE
2,0.9012633893787911,2026-07-15 07:42:09.271017,2026-07-15 07:42:33.679896,0 days 00:00:24.408879,64,0.1542869680978036,2.2123854136536196e-05,0.07510875418412036,0.20361471658281563,COMPLETE
3,0.9099476592032567,2026-07-15 07:42:33.681004,2026-07-15 07:43:08.838313,0 days 00:00:35.157309,16,0.1361685118967984,1.8090260602794476e-05,0.09159018612857224,0.12282897855655912,COMPLETE
4,0.8886748467154351,2026-07-15 07:43:08.839433,2026-07-15 07:43:33.212725,0 days 00:00:24.373292,64,0.21068722229415182,1.5263944504239003e-05,0.06460941791015509,0.03857940975350094,COMPLETE
5,0.8813347267186507,2026-07-15 07:43:33.213826,2026-07-15 07:43:49.327784,0 days 00:00:16.113958,64,0.26148042297923046,1.413546108301127e-05,0.12758563679597512,0.2252632713150914,PRUNED
6,0.8997224007948104,2026-07-15 07:43:49.328453,2026-07-15 07:44:12.645456,0 days 00:00:23.317003,16,0.23093581175400876,1.05286824216911e-05,0.1838813939282482,0.2999506138700144,PRUNED
7,0.9101201532389134,2026-07-15 07:44:12.646109,2026-07-15 07:44:40.673003,0 days 00:00:28.026894,32,0.18498743712581028,1.6890506038131902e-05,0.1269727038171604,0.2281323443436398,COMPLETE
8,0.9052023557837512,2026-07-15 07:44:40.674054,2026-07-15 07:45:15.597693,0 days 00:00:34.923639,16,0.11717610341956958,1.658382324944167e-05,0.11684277625835103,0.029205626400451056,PRUNED
9,0.9085772123877696,2026-07-15 07:45:15.598348,2026-07-15 07:45:51.003001,0 days 00:00:35.404653,16,0.36851991034827525,1.514350396793744e-05,0.022932757517752523,0.002092727100285363,COMPLETE
10,0.9224515322076298,2026-07-15 07:45:51.004209,2026-07-15 07:46:19.043571,0 days 00:00:28.039362,32,0.49176131691640823,4.9886222801863184e-05,0.006169636512825767,0.12102185633113086,COMPLETE
11,0.916320010432288,2026-07-15 07:46:19.044776,2026-07-15 07:46:47.018952,0 days 00:00:27.974176,32,0.49492332334511685,4.9465588155463834e-05,0.0014294192597768705,0.1225346900163278,COMPLETE
12,0.9210758805976211,2026-07-15 07:46:47.020075,2026-07-15 07:47:15.002331,0 days 00:00:27.982256,32,0.4898413413069829,3.412019907634942e-05,0.03361768795115707,0.12795154418560492,COMPLETE
13,0.9198861856531273,2026-07-15 07:47:15.003423,2026-07-15 07:47:42.959057,0 days 00:00:27.955634,32,0.4954735817963131,3.29218270136801e-05,0.030629853513669973,0.09495371301168642,COMPLETE
14,0.908014529805768,2026-07-15 07:47:42.960218,2026-07-15 07:48:01.459811,0 days 00:00:18.499593,32,0.419971101662247,3.063563283207049e-05,0.026756379199657964,0.17830049599277986,PRUNED
