number,value,datetime_start,datetime_complete,duration,params_batch_size,params_dropout,params_learning_rate,params_warmup_ratio,params_weight_decay,state
0,0.8370686634569215,2026-07-16 02:49:04.151937,2026-07-16 02:49:23.446960,0 days 00:00:19.295023,128,0.1699347984677254,3.150928951055678e-05,0.007264483460699279,0.029031649149488668,COMPLETE
1,0.8600075919211487,2026-07-16 02:49:23.447746,2026-07-16 02:49:35.735953,0 days 00:00:12.288207,32,0.23169714601464864,1.5984859617016656e-05,0.016169968893388887,0.09950801054806303,COMPLETE
2,0.8571804541721134,2026-07-16 02:49:35.736671,2026-07-16 02:49:46.051173,0 days 00:00:10.314502,128,0.38279388926038727,3.831302221689572e-05,0.1982151998770212,0.2464633574196053,COMPLETE
3,0.8882403433476395,2026-07-16 02:49:46.051923,2026-07-16 02:49:58.224996,0 days 00:00:12.173073,32,0.3071752428793745,3.853089314056749e-05,0.0025209071388416996,0.2789405107738341,COMPLETE
4,0.8753010401343453,2026-07-16 02:49:58.225737,2026-07-16 02:50:09.226606,0 days 00:00:11.000869,64,0.4479749747564352,3.7821975567031736e-05,0.07386135331930858,0.12330376748078445,COMPLETE
5,0.804182424916574,2026-07-16 02:50:09.227398,2026-07-16 02:50:16.366149,0 days 00:00:07.138751,128,0.21992593978020958,2.2026192645139907e-05,0.05197335732645787,0.09145603671715298,PRUNED
6,0.8178454842219804,2026-07-16 02:50:16.366877,2026-07-16 02:50:23.426572,0 days 00:00:07.059695,128,0.47022714643742225,3.084673176177153e-05,0.09549956051499045,0.10953266752880773,PRUNED
7,0.8664769760885456,2026-07-16 02:50:23.427234,2026-07-16 02:50:34.432599,0 days 00:00:11.005365,64,0.18391783672712442,2.5876804923870854e-05,0.09950093174742317,0.056497110871491736,COMPLETE
8,0.835769049089786,2026-07-16 02:50:34.433318,2026-07-16 02:50:41.530892,0 days 00:00:07.097574,128,0.35088223934807283,3.897724789647793e-05,0.19805733885410715,0.05005021933217214,PRUNED
9,0.834335914191003,2026-07-16 02:50:41.531520,2026-07-16 02:50:49.076990,0 days 00:00:07.545470,64,0.19745325030942512,2.0102375634065162e-05,0.08344936475634915,0.1343901648556671,PRUNED
10,0.8170912926422769,2026-07-16 02:50:49.077643,2026-07-16 02:50:57.395412,0 days 00:00:08.317769,32,0.10868547099667114,1.0072035394625706e-05,0.14312321587911814,0.2921012950412352,PRUNED
11,0.8836772983114447,2026-07-16 02:50:57.396112,2026-07-16 02:51:08.447736,0 days 00:00:11.051624,64,0.32110936955723796,4.876404635645828e-05,0.04579342628804622,0.19350603477045275,COMPLETE
12,0.8907844175036983,2026-07-16 02:51:08.448526,2026-07-16 02:51:20.675396,0 days 00:00:12.226870,32,0.30365641763281126,4.829607406291454e-05,0.0406939221341042,0.20070311689386958,COMPLETE
13,0.8919683191551775,2026-07-16 02:51:20.676148,2026-07-16 02:51:32.974429,0 days 00:00:12.298281,32,0.29376687306620647,4.837779447227338e-05,0.030827858600115894,0.2063823463363545,COMPLETE
14,0.8983850372036761,2026-07-16 02:51:32.975300,2026-07-16 02:51:45.426581,0 days 00:00:12.451281,32,0.2794032199791374,4.9819392530552765e-05,0.03995119417771839,0.192209798052415,COMPLETE
